<?xml version="1.0" encoding="UTF-8"?>
<robot generator="Robot 7.0 (Python 3.11.7 on win32)" generated="2024-05-22T10:23:12.019481" rpa="false" schemaversion="5">
<suite id="s1" name="PageObject" source="C:\ORANGE\Tests\PageObject.robot">
<test id="s1-t1" name="authentificationok" line="11">
<kw name="openpage" owner="comun">
<kw name="Open Browser" owner="SeleniumLibrary">
<msg time="2024-05-22T10:23:13.137348" level="INFO">Opening browser 'Chrome' to base url 'https://opensource-demo.orangehrmlive.com/web/index.php/auth/login'.</msg>
<msg time="2024-05-22T10:23:17.125635" level="WARN">There was an error managing chromedriver (error sending request for url (https://googlechromelabs.github.io/chrome-for-testing/last-known-good-versions-with-downloads.json): error trying to connect: dns error: H么te inconnu. (os error 11001)); using driver found in the cache</msg>
<msg time="2024-05-22T10:23:17.207850" level="WARN">Error sending stats to Plausible: error sending request for url (https://plausible.io/api/event): error trying to connect: dns error: H么te inconnu. (os error 11001)</msg>
<msg time="2024-05-22T10:24:27.840450" level="INFO" html="true">&lt;/td&gt;&lt;/tr&gt;&lt;tr&gt;&lt;td colspan="3"&gt;&lt;a href="selenium-screenshot-100.png"&gt;&lt;img src="selenium-screenshot-100.png" width="800px"&gt;&lt;/a&gt;</msg>
<msg time="2024-05-22T10:24:27.840450" level="FAIL">WebDriverException: Message: unknown error: net::ERR_NAME_NOT_RESOLVED
  (Session info: chrome=125.0.6422.76)
Stacktrace:
	GetHandleVerifier [0x00007FF66F4B22C2+60002]
	(No symbol) [0x00007FF66F42CA59]
	(No symbol) [0x00007FF66F2E7EDA]
	(No symbol) [0x00007FF66F2DFEC2]
	(No symbol) [0x00007FF66F2D09E4]
	(No symbol) [0x00007FF66F2D2232]
	(No symbol) [0x00007FF66F2D0D11]
	(No symbol) [0x00007FF66F2D04F1]
	(No symbol) [0x00007FF66F2D0430]
	(No symbol) [0x00007FF66F2CE3BD]
	(No symbol) [0x00007FF66F2CE9FC]
	(No symbol) [0x00007FF66F2EACB1]
	(No symbol) [0x00007FF66F37C66E]
	(No symbol) [0x00007FF66F35C28A]
	(No symbol) [0x00007FF66F37BCC7]
	(No symbol) [0x00007FF66F35C033]
	(No symbol) [0x00007FF66F329657]
	(No symbol) [0x00007FF66F32A251]
	GetHandleVerifier [0x00007FF66F7C3E2D+3278285]
	GetHandleVerifier [0x00007FF66F810190+3590448]
	GetHandleVerifier [0x00007FF66F8061D0+3549552]
	GetHandleVerifier [0x00007FF66F561DE6+779654]
	(No symbol) [0x00007FF66F437ACF]
	(No symbol) [0x00007FF66F432EE4]
	(No symbol) [0x00007FF66F433072]
	(No symbol) [0x00007FF66F422C4F]
	BaseThreadInitThunk [0x00007FFE9C1A7344+20]
	RtlUserThreadStart [0x00007FFE9DEC26B1+33]
</msg>
<arg>${url}</arg>
<arg>${browser}</arg>
<doc>Opens a new browser instance to the optional ``url``.</doc>
<status status="FAIL" start="2024-05-22T10:23:13.137348" elapsed="74.765599">WebDriverException: Message: unknown error: net::ERR_NAME_NOT_RESOLVED
  (Session info: chrome=125.0.6422.76)
Stacktrace:
	GetHandleVerifier [0x00007FF66F4B22C2+60002]
	(No symbol) [0x00007FF66F42CA59]
	(No symbol) [0x00007FF66F2E7EDA]
	(No symbol) [0x00007FF66F2DFEC2]
	(No symbol) [0x00007FF66F2D09E4]
	(No symbol) [0x00007FF66F2D2232]
	(No symbol) [0x00007FF66F2D0D11]
	(No symbol) [0x00007FF66F2D04F1]
	(No symbol) [0x00007FF66F2D0430]
	(No symbol) [0x00007FF66F2CE3BD]
	(No symbol) [0x00007FF66F2CE9FC]
	(No symbol) [0x00007FF66F2EACB1]
	(No symbol) [0x00007FF66F37C66E]
	(No symbol) [0x00007FF66F35C28A]
	(No symbol) [0x00007FF66F37BCC7]
	(No symbol) [0x00007FF66F35C033]
	(No symbol) [0x00007FF66F329657]
	(No symbol) [0x00007FF66F32A251]
	GetHandleVerifier [0x00007FF66F7C3E2D+3278285]
	GetHandleVerifier [0x00007FF66F810190+3590448]
	GetHandleVerifier [0x00007FF66F8061D0+3549552]
	GetHandleVerifier [0x00007FF66F561DE6+779654]
	(No symbol) [0x00007FF66F437ACF]
	(No symbol) [0x00007FF66F432EE4]
	(No symbol) [0x00007FF66F433072]
	(No symbol) [0x00007FF66F422C4F]
	BaseThreadInitThunk [0x00007FFE9C1A7344+20]
	RtlUserThreadStart [0x00007FFE9DEC26B1+33]
</status>
</kw>
<kw name="Maximize Browser Window" owner="SeleniumLibrary">
<doc>Maximizes current browser window.</doc>
<status status="NOT RUN" start="2024-05-22T10:24:27.902947" elapsed="0.000000"/>
</kw>
<status status="FAIL" start="2024-05-22T10:23:13.117798" elapsed="74.785149">WebDriverException: Message: unknown error: net::ERR_NAME_NOT_RESOLVED
  (Session info: chrome=125.0.6422.76)
Stacktrace:
	GetHandleVerifier [0x00007FF66F4B22C2+60002]
	(No symbol) [0x00007FF66F42CA59]
	(No symbol) [0x00007FF66F2E7EDA]
	(No symbol) [0x00007FF66F2DFEC2]
	(No symbol) [0x00007FF66F2D09E4]
	(No symbol) [0x00007FF66F2D2232]
	(No symbol) [0x00007FF66F2D0D11]
	(No symbol) [0x00007FF66F2D04F1]
	(No symbol) [0x00007FF66F2D0430]
	(No symbol) [0x00007FF66F2CE3BD]
	(No symbol) [0x00007FF66F2CE9FC]
	(No symbol) [0x00007FF66F2EACB1]
	(No symbol) [0x00007FF66F37C66E]
	(No symbol) [0x00007FF66F35C28A]
	(No symbol) [0x00007FF66F37BCC7]
	(No symbol) [0x00007FF66F35C033]
	(No symbol) [0x00007FF66F329657]
	(No symbol) [0x00007FF66F32A251]
	GetHandleVerifier [0x00007FF66F7C3E2D+3278285]
	GetHandleVerifier [0x00007FF66F810190+3590448]
	GetHandleVerifier [0x00007FF66F8061D0+3549552]
	GetHandleVerifier [0x00007FF66F561DE6+779654]
	(No symbol) [0x00007FF66F437ACF]
	(No symbol) [0x00007FF66F432EE4]
	(No symbol) [0x00007FF66F433072]
	(No symbol) [0x00007FF66F422C4F]
	BaseThreadInitThunk [0x00007FFE9C1A7344+20]
	RtlUserThreadStart [0x00007FFE9DEC26B1+33]
</status>
</kw>
<kw name="login" owner="authentification">
<status status="NOT RUN" start="2024-05-22T10:24:27.902947" elapsed="0.000000"/>
</kw>
<kw name="Close Browser" owner="SeleniumLibrary">
<doc>Closes the current browser.</doc>
<status status="NOT RUN" start="2024-05-22T10:24:27.918572" elapsed="0.000000"/>
</kw>
<doc>authentification ok</doc>
<tag>smoke</tag>
<status status="FAIL" start="2024-05-22T10:23:13.117798" elapsed="74.800774">WebDriverException: Message: unknown error: net::ERR_NAME_NOT_RESOLVED
  (Session info: chrome=125.0.6422.76)
Stacktrace:
	GetHandleVerifier [0x00007FF66F4B22C2+60002]
	(No symbol) [0x00007FF66F42CA59]
	(No symbol) [0x00007FF66F2E7EDA]
	(No symbol) [0x00007FF66F2DFEC2]
	(No symbol) [0x00007FF66F2D09E4]
	(No symbol) [0x00007FF66F2D2232]
	(No symbol) [0x00007FF66F2D0D11]
	(No symbol) [0x00007FF66F2D04F1]
	(No symbol) [0x00007FF66F2D0430]
	(No symbol) [0x00007FF66F2CE3BD]
	(No symbol) [0x00007FF66F2CE9FC]
	(No symbol) [0x00007FF66F2EACB1]
	(No symbol) [0x00007FF66F37C66E]
	(No symbol) [0x00007FF66F35C28A]
	(No symbol) [0x00007FF66F37BCC7]
	(No symbol) [0x00007FF66F35C033]
	(No symbol) [0x00007FF66F329657]
	(No symbol) [0x00007FF66F32A251]
	GetHandleVerifier [0x00007FF66F7C3E2D+3278285]
	GetHandleVerifier [0x00007FF66F810190+3590448]
	GetHandleVerifier [0x00007FF66F8061D0+3549552]
	GetHandleVerifier [0x00007FF66F561DE6+779654]
	(No symbol) [0x00007FF66F437ACF]
	(No symbol) [0x00007FF66F432EE4]
	(No symbol) [0x00007FF66F433072]
	(No symbol) [0x00007FF66F422C4F]
	BaseThreadInitThunk [0x00007FFE9C1A7344+20]
	RtlUserThreadStart [0x00007FFE9DEC26B1+33]
</status>
</test>
<status status="FAIL" start="2024-05-22T10:23:12.051245" elapsed="75.888728"/>
</suite>
<statistics>
<total>
<stat pass="0" fail="1" skip="0">All Tests</stat>
</total>
<tag>
<stat pass="0" fail="1" skip="0">smoke</stat>
</tag>
<suite>
<stat pass="0" fail="1" skip="0" id="s1" name="PageObject">PageObject</stat>
</suite>
</statistics>
<errors>
<msg time="2024-05-22T10:23:13.038075" level="ERROR">Error in file 'C:\ORANGE\Ressources\Keywords\ajoutuser.robot' on line 7: Invalid resource file extension '.csv'. Supported extensions are '.json', '.resource', '.rest', '.robot', '.rsrc', '.rst', '.tsv' and '.txt'.</msg>
<msg time="2024-05-22T10:23:17.125635" level="WARN">There was an error managing chromedriver (error sending request for url (https://googlechromelabs.github.io/chrome-for-testing/last-known-good-versions-with-downloads.json): error trying to connect: dns error: H么te inconnu. (os error 11001)); using driver found in the cache</msg>
<msg time="2024-05-22T10:23:17.207850" level="WARN">Error sending stats to Plausible: error sending request for url (https://plausible.io/api/event): error trying to connect: dns error: H么te inconnu. (os error 11001)</msg>
</errors>
</robot>
